This file contains any messages produced by compilers while
running configure, to aid debugging if configure makes a mistake.

It was created by vips configure 8.10.6, which was
generated by GNU Autoconf 2.69.  Invocation command line was

  $ ./configure 

## --------- ##
## Platform. ##
## --------- ##

hostname = homestead
uname -m = x86_64
uname -r = 5.4.0-65-generic
uname -s = Linux
uname -v = #73-Ubuntu SMP Mon Jan 18 17:25:17 UTC 2021

/usr/bin/uname -p = x86_64
/bin/uname -X     = unknown

/bin/arch              = x86_64
/usr/bin/arch -k       = unknown
/usr/convex/getsysinfo = unknown
/usr/bin/hostinfo      = unknown
/bin/machine           = unknown
/usr/bin/oslevel       = unknown
/bin/universe          = unknown

PATH: /home/vagrant/.config/composer/vendor/bin
PATH: /usr/local/sbin
PATH: /usr/local/bin
PATH: /usr/sbin
PATH: /usr/bin
PATH: /sbin
PATH: /bin
PATH: /usr/games
PATH: /usr/local/games
PATH: /snap/bin


## ----------- ##
## Core tests. ##
## ----------- ##

configure:3068: checking for a BSD-compatible install
configure:3136: result: /usr/bin/install -c
configure:3147: checking whether build environment is sane
configure:3202: result: yes
configure:3351: checking for a thread-safe mkdir -p
configure:3390: result: /usr/bin/mkdir -p
configure:3397: checking for gawk
configure:3413: found /usr/bin/gawk
configure:3424: result: gawk
configure:3435: checking whether make sets $(MAKE)
configure:3457: result: yes
configure:3486: checking whether make supports nested variables
configure:3503: result: yes
configure:3726: checking for pkg-config
configure:3744: found /usr/bin/pkg-config
configure:3756: result: /usr/bin/pkg-config
configure:3781: checking pkg-config is at least version 0.9.0
configure:3784: result: yes
configure:3803: checking for gobject-introspection
configure:3834: $PKG_CONFIG --exists --print-errors "gobject-introspection-1.0 >= 1.30.0"
Package gobject-introspection-1.0 was not found in the pkg-config search path.
Perhaps you should add the directory containing `gobject-introspection-1.0.pc'
to the PKG_CONFIG_PATH environment variable
No package 'gobject-introspection-1.0' found
configure:3837: $? = 1
configure:3849: result: no
configure:3998: checking build system type
configure:4012: result: x86_64-pc-linux-gnu
configure:4032: checking host system type
configure:4045: result: x86_64-pc-linux-gnu
configure:4120: checking for native Win32
configure:4130: result: no
configure:4154: checking for binary open needed
configure:4164: result: no
configure:4172: checking for Mac OS X
configure:4182: result: no
configure:4213: checking whether make supports the include directive
configure:4228: make -f confmf.GNU && cat confinc.out
this is the am__doit target
configure:4231: $? = 0
configure:4250: result: yes (GNU style)
configure:4320: checking for gcc
configure:4336: found /usr/bin/gcc
configure:4347: result: gcc
configure:4576: checking for C compiler version
configure:4585: gcc --version >&5
gcc (Ubuntu 9.3.0-17ubuntu1~20.04) 9.3.0
Copyright (C) 2019 Free Software Foundation, Inc.
This is free software; see the source for copying conditions.  There is NO
warranty; not even for MERCHANTABILITY or FITNESS FOR A PARTICULAR PURPOSE.

configure:4596: $? = 0
configure:4585: gcc -v >&5
Using built-in specs.
COLLECT_GCC=gcc
COLLECT_LTO_WRAPPER=/usr/lib/gcc/x86_64-linux-gnu/9/lto-wrapper
OFFLOAD_TARGET_NAMES=nvptx-none:hsa
OFFLOAD_TARGET_DEFAULT=1
Target: x86_64-linux-gnu
Configured with: ../src/configure -v --with-pkgversion='Ubuntu 9.3.0-17ubuntu1~20.04' --with-bugurl=file:///usr/share/doc/gcc-9/README.Bugs --enable-languages=c,ada,c++,go,brig,d,fortran,objc,obj-c++,gm2 --prefix=/usr --with-gcc-major-version-only --program-suffix=-9 --program-prefix=x86_64-linux-gnu- --enable-shared --enable-linker-build-id --libexecdir=/usr/lib --without-included-gettext --enable-threads=posix --libdir=/usr/lib --enable-nls --enable-clocale=gnu --enable-libstdcxx-debug --enable-libstdcxx-time=yes --with-default-libstdcxx-abi=new --enable-gnu-unique-object --disable-vtable-verify --enable-plugin --enable-default-pie --with-system-zlib --with-target-system-zlib=auto --enable-objc-gc=auto --enable-multiarch --disable-werror --with-arch-32=i686 --with-abi=m64 --with-multilib-list=m32,m64,mx32 --enable-multilib --with-tune=generic --enable-offload-targets=nvptx-none=/build/gcc-9-HskZEa/gcc-9-9.3.0/debian/tmp-nvptx/usr,hsa --without-cuda-driver --enable-checking=release --build=x86_64-linux-gnu --host=x86_64-linux-gnu --target=x86_64-linux-gnu
Thread model: posix
gcc version 9.3.0 (Ubuntu 9.3.0-17ubuntu1~20.04) 
configure:4596: $? = 0
configure:4585: gcc -V >&5
gcc: error: unrecognized command line option '-V'
gcc: fatal error: no input files
compilation terminated.
configure:4596: $? = 1
configure:4585: gcc -qversion >&5
gcc: error: unrecognized command line option '-qversion'; did you mean '--version'?
gcc: fatal error: no input files
compilation terminated.
configure:4596: $? = 1
configure:4616: checking whether the C compiler works
configure:4638: gcc    conftest.c  >&5
configure:4642: $? = 0
configure:4690: result: yes
configure:4693: checking for C compiler default output file name
configure:4695: result: a.out
configure:4701: checking for suffix of executables
configure:4708: gcc -o conftest    conftest.c  >&5
configure:4712: $? = 0
configure:4734: result: 
configure:4756: checking whether we are cross compiling
configure:4764: gcc -o conftest    conftest.c  >&5
configure:4768: $? = 0
configure:4775: ./conftest
./configure: line 4777: ./conftest: Permission denied
configure:4779: $? = 126
configure:4786: error: in `/home/vagrant/code/maquetacion/vips-8.10.6':
configure:4788: error: cannot run C compiled programs.
If you meant to cross compile, use `--host'.
See `config.log' for more details

## ---------------- ##
## Cache variables. ##
## ---------------- ##

ac_cv_build=x86_64-pc-linux-gnu
ac_cv_env_CCC_set=
ac_cv_env_CCC_value=
ac_cv_env_CC_set=
ac_cv_env_CC_value=
ac_cv_env_CFITSIO_CFLAGS_set=
ac_cv_env_CFITSIO_CFLAGS_value=
ac_cv_env_CFITSIO_LIBS_set=
ac_cv_env_CFITSIO_LIBS_value=
ac_cv_env_CFLAGS_set=
ac_cv_env_CFLAGS_value=
ac_cv_env_CPPFLAGS_set=
ac_cv_env_CPPFLAGS_value=
ac_cv_env_CPP_set=
ac_cv_env_CPP_value=
ac_cv_env_CXXCPP_set=
ac_cv_env_CXXCPP_value=
ac_cv_env_CXXFLAGS_set=
ac_cv_env_CXXFLAGS_value=
ac_cv_env_CXX_set=
ac_cv_env_CXX_value=
ac_cv_env_DATE_TIME_FORMAT_ISO8601_CFLAGS_set=
ac_cv_env_DATE_TIME_FORMAT_ISO8601_CFLAGS_value=
ac_cv_env_DATE_TIME_FORMAT_ISO8601_LIBS_set=
ac_cv_env_DATE_TIME_FORMAT_ISO8601_LIBS_value=
ac_cv_env_EXIF_CFLAGS_set=
ac_cv_env_EXIF_CFLAGS_value=
ac_cv_env_EXIF_LIBS_set=
ac_cv_env_EXIF_LIBS_value=
ac_cv_env_EXPAT_CFLAGS_set=
ac_cv_env_EXPAT_CFLAGS_value=
ac_cv_env_EXPAT_LIBS_set=
ac_cv_env_EXPAT_LIBS_value=
ac_cv_env_FFTW_CFLAGS_set=
ac_cv_env_FFTW_CFLAGS_value=
ac_cv_env_FFTW_LIBS_set=
ac_cv_env_FFTW_LIBS_value=
ac_cv_env_GSF_CFLAGS_set=
ac_cv_env_GSF_CFLAGS_value=
ac_cv_env_GSF_LIBS_set=
ac_cv_env_GSF_LIBS_value=
ac_cv_env_GSF_ZIP64_CFLAGS_set=
ac_cv_env_GSF_ZIP64_CFLAGS_value=
ac_cv_env_GSF_ZIP64_LIBS_set=
ac_cv_env_GSF_ZIP64_LIBS_value=
ac_cv_env_GTHREAD_CFLAGS_set=
ac_cv_env_GTHREAD_CFLAGS_value=
ac_cv_env_GTHREAD_LIBS_set=
ac_cv_env_GTHREAD_LIBS_value=
ac_cv_env_GTKDOC_DEPS_CFLAGS_set=
ac_cv_env_GTKDOC_DEPS_CFLAGS_value=
ac_cv_env_GTKDOC_DEPS_LIBS_set=
ac_cv_env_GTKDOC_DEPS_LIBS_value=
ac_cv_env_HAVE_CHECKED_MUL_CFLAGS_set=
ac_cv_env_HAVE_CHECKED_MUL_CFLAGS_value=
ac_cv_env_HAVE_CHECKED_MUL_LIBS_set=
ac_cv_env_HAVE_CHECKED_MUL_LIBS_value=
ac_cv_env_HEIF_CFLAGS_set=
ac_cv_env_HEIF_CFLAGS_value=
ac_cv_env_HEIF_LIBS_set=
ac_cv_env_HEIF_LIBS_value=
ac_cv_env_IMAGEQUANT_CFLAGS_set=
ac_cv_env_IMAGEQUANT_CFLAGS_value=
ac_cv_env_IMAGEQUANT_LIBS_set=
ac_cv_env_IMAGEQUANT_LIBS_value=
ac_cv_env_IMAGE_MAGICK_CFLAGS_set=
ac_cv_env_IMAGE_MAGICK_CFLAGS_value=
ac_cv_env_IMAGE_MAGICK_LIBS_set=
ac_cv_env_IMAGE_MAGICK_LIBS_value=
ac_cv_env_JPEG_CFLAGS_set=
ac_cv_env_JPEG_CFLAGS_value=
ac_cv_env_JPEG_LIBS_set=
ac_cv_env_JPEG_LIBS_value=
ac_cv_env_LCMS_CFLAGS_set=
ac_cv_env_LCMS_CFLAGS_value=
ac_cv_env_LCMS_LIBS_set=
ac_cv_env_LCMS_LIBS_value=
ac_cv_env_LDFLAGS_set=
ac_cv_env_LDFLAGS_value=
ac_cv_env_LIBS_set=
ac_cv_env_LIBS_value=
ac_cv_env_LIBWEBP_CFLAGS_set=
ac_cv_env_LIBWEBP_CFLAGS_value=
ac_cv_env_LIBWEBP_LIBS_set=
ac_cv_env_LIBWEBP_LIBS_value=
ac_cv_env_LIB_FUZZING_ENGINE_set=
ac_cv_env_LIB_FUZZING_ENGINE_value=
ac_cv_env_LT_SYS_LIBRARY_PATH_set=
ac_cv_env_LT_SYS_LIBRARY_PATH_value=
ac_cv_env_MAGICK_CFLAGS_set=
ac_cv_env_MAGICK_CFLAGS_value=
ac_cv_env_MAGICK_LIBS_set=
ac_cv_env_MAGICK_LIBS_value=
ac_cv_env_MAGICK_WAND_CFLAGS_set=
ac_cv_env_MAGICK_WAND_CFLAGS_value=
ac_cv_env_MAGICK_WAND_LIBS_set=
ac_cv_env_MAGICK_WAND_LIBS_value=
ac_cv_env_MATIO_CFLAGS_set=
ac_cv_env_MATIO_CFLAGS_value=
ac_cv_env_MATIO_LIBS_set=
ac_cv_env_MATIO_LIBS_value=
ac_cv_env_MONOTONIC_TIME_CFLAGS_set=
ac_cv_env_MONOTONIC_TIME_CFLAGS_value=
ac_cv_env_MONOTONIC_TIME_LIBS_set=
ac_cv_env_MONOTONIC_TIME_LIBS_value=
ac_cv_env_OPENEXR_CFLAGS_set=
ac_cv_env_OPENEXR_CFLAGS_value=
ac_cv_env_OPENEXR_LIBS_set=
ac_cv_env_OPENEXR_LIBS_value=
ac_cv_env_OPENSLIDE_CFLAGS_set=
ac_cv_env_OPENSLIDE_CFLAGS_value=
ac_cv_env_OPENSLIDE_LIBS_set=
ac_cv_env_OPENSLIDE_LIBS_value=
ac_cv_env_ORC_CFLAGS_set=
ac_cv_env_ORC_CFLAGS_value=
ac_cv_env_ORC_CF_PROTECTION_CFLAGS_set=
ac_cv_env_ORC_CF_PROTECTION_CFLAGS_value=
ac_cv_env_ORC_CF_PROTECTION_LIBS_set=
ac_cv_env_ORC_CF_PROTECTION_LIBS_value=
ac_cv_env_ORC_LIBS_set=
ac_cv_env_ORC_LIBS_value=
ac_cv_env_PANGOFT2_CFLAGS_set=
ac_cv_env_PANGOFT2_CFLAGS_value=
ac_cv_env_PANGOFT2_LIBS_set=
ac_cv_env_PANGOFT2_LIBS_value=
ac_cv_env_PKG_CONFIG_LIBDIR_set=
ac_cv_env_PKG_CONFIG_LIBDIR_value=
ac_cv_env_PKG_CONFIG_PATH_set=
ac_cv_env_PKG_CONFIG_PATH_value=
ac_cv_env_PKG_CONFIG_set=
ac_cv_env_PKG_CONFIG_value=
ac_cv_env_PNG_CFLAGS_set=
ac_cv_env_PNG_CFLAGS_value=
ac_cv_env_PNG_LIBS_set=
ac_cv_env_PNG_LIBS_value=
ac_cv_env_POPPLER_CFLAGS_set=
ac_cv_env_POPPLER_CFLAGS_value=
ac_cv_env_POPPLER_LIBS_set=
ac_cv_env_POPPLER_LIBS_value=
ac_cv_env_REQUIRED_CFLAGS_set=
ac_cv_env_REQUIRED_CFLAGS_value=
ac_cv_env_REQUIRED_LIBS_set=
ac_cv_env_REQUIRED_LIBS_value=
ac_cv_env_RSVG_CFLAGS_set=
ac_cv_env_RSVG_CFLAGS_value=
ac_cv_env_RSVG_LIBS_set=
ac_cv_env_RSVG_LIBS_value=
ac_cv_env_SPNG_CFLAGS_set=
ac_cv_env_SPNG_CFLAGS_value=
ac_cv_env_SPNG_LIBS_set=
ac_cv_env_SPNG_LIBS_value=
ac_cv_env_STR_TO_ASCII_CFLAGS_set=
ac_cv_env_STR_TO_ASCII_CFLAGS_value=
ac_cv_env_STR_TO_ASCII_LIBS_set=
ac_cv_env_STR_TO_ASCII_LIBS_value=
ac_cv_env_THREADS_CFLAGS_set=
ac_cv_env_THREADS_CFLAGS_value=
ac_cv_env_THREADS_LIBS_set=
ac_cv_env_THREADS_LIBS_value=
ac_cv_env_TIFF_CFLAGS_set=
ac_cv_env_TIFF_CFLAGS_value=
ac_cv_env_TIFF_LIBS_set=
ac_cv_env_TIFF_LIBS_value=
ac_cv_env_TYPE_INIT_CFLAGS_set=
ac_cv_env_TYPE_INIT_CFLAGS_value=
ac_cv_env_TYPE_INIT_LIBS_set=
ac_cv_env_TYPE_INIT_LIBS_value=
ac_cv_env_WIN32_GET_COMMAND_LINE_CFLAGS_set=
ac_cv_env_WIN32_GET_COMMAND_LINE_CFLAGS_value=
ac_cv_env_WIN32_GET_COMMAND_LINE_LIBS_set=
ac_cv_env_WIN32_GET_COMMAND_LINE_LIBS_value=
ac_cv_env_XMKMF_set=
ac_cv_env_XMKMF_value=
ac_cv_env_ZLIB_CFLAGS_set=
ac_cv_env_ZLIB_CFLAGS_value=
ac_cv_env_ZLIB_LIBS_set=
ac_cv_env_ZLIB_LIBS_value=
ac_cv_env_build_alias_set=
ac_cv_env_build_alias_value=
ac_cv_env_host_alias_set=
ac_cv_env_host_alias_value=
ac_cv_env_target_alias_set=
ac_cv_env_target_alias_value=
ac_cv_host=x86_64-pc-linux-gnu
ac_cv_path_ac_pt_PKG_CONFIG=/usr/bin/pkg-config
ac_cv_path_install='/usr/bin/install -c'
ac_cv_path_mkdir=/usr/bin/mkdir
ac_cv_prog_AWK=gawk
ac_cv_prog_ac_ct_CC=gcc
ac_cv_prog_make_make_set=yes
am_cv_make_support_nested_variables=yes

## ----------------- ##
## Output variables. ##
## ----------------- ##

ACLOCAL='${SHELL} /home/vagrant/code/maquetacion/vips-8.10.6/missing aclocal-1.16'
AMDEPBACKSLASH='\'
AMDEP_FALSE='#'
AMDEP_TRUE=''
AMTAR='$${TAR-tar}'
AM_BACKSLASH='\'
AM_DEFAULT_V='$(AM_DEFAULT_VERBOSITY)'
AM_DEFAULT_VERBOSITY='1'
AM_V='$(V)'
AR=''
AS=''
AUTOCONF='${SHELL} /home/vagrant/code/maquetacion/vips-8.10.6/missing autoconf'
AUTOHEADER='${SHELL} /home/vagrant/code/maquetacion/vips-8.10.6/missing autoheader'
AUTOMAKE='${SHELL} /home/vagrant/code/maquetacion/vips-8.10.6/missing automake-1.16'
AWK='gawk'
CATALOGS=''
CATOBJEXT=''
CC='gcc'
CCDEPMODE=''
CFITSIO_CFLAGS=''
CFITSIO_LIBS=''
CFLAGS=''
CPP=''
CPPFLAGS=''
CXX=''
CXXCPP=''
CXXDEPMODE=''
CXXFLAGS=''
CYGPATH_W='echo'
DATADIRNAME=''
DATE_TIME_FORMAT_ISO8601_CFLAGS=''
DATE_TIME_FORMAT_ISO8601_LIBS=''
DEFS=''
DEPDIR='.deps'
DLLTOOL=''
DLLWRAP=''
DSYMUTIL=''
DUMPBIN=''
ECHO_C=''
ECHO_N='-n'
ECHO_T=''
EGREP=''
ENABLE_DEPRECATED_FALSE='#'
ENABLE_DEPRECATED_TRUE=''
ENABLE_GTK_DOC_FALSE=''
ENABLE_GTK_DOC_TRUE=''
ENABLE_LCMS_FALSE=''
ENABLE_LCMS_TRUE=''
EXEEXT=''
EXIF_CFLAGS=''
EXIF_LIBS=''
EXPAT_CFLAGS=''
EXPAT_LIBS=''
EXTRA_LIBS_USED=''
FFTW_CFLAGS=''
FFTW_LIBS=''
FGREP=''
GETTEXT_PACKAGE=''
GIFLIB_INCLUDES=''
GIFLIB_LIBS=''
GMOFILES=''
GMSGFMT=''
GREP=''
GSF_CFLAGS=''
GSF_LIBS=''
GSF_ZIP64_CFLAGS=''
GSF_ZIP64_LIBS=''
GTHREAD_CFLAGS=''
GTHREAD_LIBS=''
GTKDOC_CHECK=''
GTKDOC_CHECK_PATH=''
GTKDOC_DEPS_CFLAGS=''
GTKDOC_DEPS_LIBS=''
GTKDOC_MKPDF=''
GTKDOC_REBASE=''
GTK_DOC_BUILD_HTML_FALSE=''
GTK_DOC_BUILD_HTML_TRUE=''
GTK_DOC_BUILD_PDF_FALSE=''
GTK_DOC_BUILD_PDF_TRUE=''
GTK_DOC_USE_LIBTOOL_FALSE=''
GTK_DOC_USE_LIBTOOL_TRUE=''
GTK_DOC_USE_REBASE_FALSE=''
GTK_DOC_USE_REBASE_TRUE=''
HAVE_CHECKED_MUL_CFLAGS=''
HAVE_CHECKED_MUL_LIBS=''
HAVE_GTK_DOC_FALSE=''
HAVE_GTK_DOC_TRUE=''
HAVE_INTROSPECTION_FALSE=''
HAVE_INTROSPECTION_TRUE='#'
HEIF_CFLAGS=''
HEIF_LIBS=''
HTML_DIR=''
IMAGEQUANT_CFLAGS=''
IMAGEQUANT_LIBS=''
IMAGE_MAGICK_CFLAGS=''
IMAGE_MAGICK_LIBS=''
INSTALL_DATA='${INSTALL} -m 644'
INSTALL_PROGRAM='${INSTALL}'
INSTALL_SCRIPT='${INSTALL}'
INSTALL_STRIP_PROGRAM='$(install_sh) -c -s'
INSTOBJEXT=''
INTLLIBS=''
INTL_MACOSX_LIBS=''
INTROSPECTION_CFLAGS=''
INTROSPECTION_COMPILER=''
INTROSPECTION_GENERATE=''
INTROSPECTION_GIRDIR=''
INTROSPECTION_LIBS=''
INTROSPECTION_MAKEFILE=''
INTROSPECTION_SCANNER=''
INTROSPECTION_TYPELIBDIR=''
JPEG_CFLAGS=''
JPEG_INCLUDES=''
JPEG_LIBS=''
LCMS_CFLAGS=''
LCMS_LIBS=''
LD=''
LDFLAGS=''
LIBOBJS=''
LIBRARY_AGE='12'
LIBRARY_CURRENT='54'
LIBRARY_REVISION='7'
LIBS=''
LIBTOOL=''
LIBWEBP_CFLAGS=''
LIBWEBP_LIBS=''
LIB_FUZZING_ENGINE=''
LIPO=''
LN_S=''
LTLIBOBJS=''
LT_SYS_LIBRARY_PATH=''
MAGICK_CFLAGS=''
MAGICK_LIBS=''
MAGICK_WAND_CFLAGS=''
MAGICK_WAND_LIBS=''
MAKEINFO='${SHELL} /home/vagrant/code/maquetacion/vips-8.10.6/missing makeinfo'
MANIFEST_TOOL=''
MATIO_CFLAGS=''
MATIO_LIBS=''
MKDIR_P='/usr/bin/mkdir -p'
MKINSTALLDIRS=''
MONOTONIC_TIME_CFLAGS=''
MONOTONIC_TIME_LIBS=''
MSGFMT=''
MSGFMT_OPTS=''
NIFTI_INCLUDES=''
NIFTI_LIBS=''
NM=''
NMEDIT=''
OBJDUMP=''
OBJEXT=''
OPENEXR_CFLAGS=''
OPENEXR_LIBS=''
OPENSLIDE_CFLAGS=''
OPENSLIDE_LIBS=''
ORC_CFLAGS=''
ORC_CF_PROTECTION_CFLAGS=''
ORC_CF_PROTECTION_LIBS=''
ORC_LIBS=''
OS_WIN32_FALSE=''
OS_WIN32_TRUE='#'
OTOOL64=''
OTOOL=''
PACKAGE='vips'
PACKAGES_USED=''
PACKAGE_BUGREPORT='vipsip@jiscmail.ac.uk'
PACKAGE_NAME='vips'
PACKAGE_STRING='vips 8.10.6'
PACKAGE_TARNAME='vips'
PACKAGE_URL=''
PACKAGE_VERSION='8.10.6'
PANGOFT2_CFLAGS=''
PANGOFT2_LIBS=''
PATH_SEPARATOR=':'
PDFIUM_INCLUDES=''
PDFIUM_LIBS=''
PKG_CONFIG='/usr/bin/pkg-config'
PKG_CONFIG_LIBDIR=''
PKG_CONFIG_PATH=''
PNG_CFLAGS=''
PNG_INCLUDES=''
PNG_LIBS=''
POFILES=''
POPPLER_CFLAGS=''
POPPLER_LIBS=''
POSUB=''
PO_IN_DATADIR_FALSE=''
PO_IN_DATADIR_TRUE=''
RANLIB=''
REQUIRED_CFLAGS=''
REQUIRED_LIBS=''
RSVG_CFLAGS=''
RSVG_LIBS=''
SED=''
SET_MAKE=''
SHELL='/bin/bash'
SPNG_CFLAGS=''
SPNG_LIBS=''
STRIP=''
STR_TO_ASCII_CFLAGS=''
STR_TO_ASCII_LIBS=''
THREADS_CFLAGS=''
THREADS_LIBS=''
TIFF_CFLAGS=''
TIFF_INCLUDES=''
TIFF_LIBS=''
TOP_SRCDIR=''
TYPE_INIT_CFLAGS=''
TYPE_INIT_LIBS=''
USE_NLS=''
VERSION='8.10.6'
VIPS_CFLAGS=''
VIPS_CONFIG=''
VIPS_ENABLE_DEPRECATED='1'
VIPS_EXEEXT=''
VIPS_INCLUDES=''
VIPS_LIBDIR=''
VIPS_LIBS=''
VIPS_MAJOR_VERSION='8'
VIPS_MICRO_VERSION='6'
VIPS_MINOR_VERSION='10'
VIPS_VERSION='8.10.6'
VIPS_VERSION_STRING='8.10.6-Tue Mar 23 20:52:58 UTC 2021'
WIN32_GET_COMMAND_LINE_CFLAGS=''
WIN32_GET_COMMAND_LINE_LIBS=''
XGETTEXT=''
XMKMF=''
X_CFLAGS=''
X_EXTRA_LIBS=''
X_LIBS=''
X_PRE_LIBS=''
ZLIB_CFLAGS=''
ZLIB_INCLUDES=''
ZLIB_LIBS=''
_GI_EXP_DATADIR='/usr/local/share'
_GI_EXP_LIBDIR='/usr/local/lib'
ac_ct_AR=''
ac_ct_CC='gcc'
ac_ct_CXX=''
ac_ct_DUMPBIN=''
am__EXEEXT_FALSE=''
am__EXEEXT_TRUE=''
am__fastdepCC_FALSE=''
am__fastdepCC_TRUE=''
am__fastdepCXX_FALSE=''
am__fastdepCXX_TRUE=''
am__include='include'
am__isrc=''
am__leading_dot='.'
am__nodep='_no'
am__quote=''
am__tar='$${TAR-tar} chof - "$$tardir"'
am__untar='$${TAR-tar} xf -'
bindir='${exec_prefix}/bin'
build='x86_64-pc-linux-gnu'
build_alias=''
build_cpu='x86_64'
build_os='linux-gnu'
build_vendor='pc'
datadir='${datarootdir}'
datarootdir='${prefix}/share'
docdir='${datarootdir}/doc/${PACKAGE_TARNAME}'
dvidir='${docdir}'
exec_prefix='NONE'
host='x86_64-pc-linux-gnu'
host_alias=''
host_cpu='x86_64'
host_os='linux-gnu'
host_vendor='pc'
htmldir='${docdir}'
includedir='${prefix}/include'
infodir='${datarootdir}/info'
install_sh='${SHELL} /home/vagrant/code/maquetacion/vips-8.10.6/install-sh'
libdir='${exec_prefix}/lib'
libexecdir='${exec_prefix}/libexec'
localedir='${datarootdir}/locale'
localstatedir='${prefix}/var'
mandir='${datarootdir}/man'
mkdir_p='$(MKDIR_P)'
oldincludedir='/usr/include'
pdfdir='${docdir}'
prefix='NONE'
program_transform_name='s,x,x,'
psdir='${docdir}'
runstatedir='${localstatedir}/run'
sbindir='${exec_prefix}/sbin'
sharedstatedir='${prefix}/com'
sysconfdir='${prefix}/etc'
target_alias=''
vips_introspection_sources=' ./arithmetic/abs.c ./arithmetic/add.c ./arithmetic/arithmetic.c ./arithmetic/avg.c ./arithmetic/binary.c ./arithmetic/boolean.c ./arithmetic/complex.c ./arithmetic/deviate.c ./arithmetic/divide.c ./arithmetic/find_trim.c ./arithmetic/getpoint.c ./arithmetic/hist_find.c ./arithmetic/hist_find_indexed.c ./arithmetic/hist_find_ndim.c ./arithmetic/hough.c ./arithmetic/hough_circle.c ./arithmetic/hough_line.c ./arithmetic/invert.c ./arithmetic/linear.c ./arithmetic/math.c ./arithmetic/math2.c ./arithmetic/max.c ./arithmetic/measure.c ./arithmetic/min.c ./arithmetic/multiply.c ./arithmetic/nary.c ./arithmetic/profile.c ./arithmetic/project.c ./arithmetic/relational.c ./arithmetic/remainder.c ./arithmetic/round.c ./arithmetic/sign.c ./arithmetic/statistic.c ./arithmetic/stats.c ./arithmetic/subtract.c ./arithmetic/sum.c ./arithmetic/unary.c ./arithmetic/unaryconst.c ./colour/CMYK2XYZ.c ./colour/colour.c ./colour/colourspace.c ./colour/dE00.c ./colour/dE76.c ./colour/dECMC.c ./colour/float2rad.c ./colour/HSV2sRGB.c ./colour/icc_transform.c ./colour/Lab2LabQ.c ./colour/Lab2LabS.c ./colour/Lab2LCh.c ./colour/Lab2XYZ.c ./colour/LabQ2Lab.c ./colour/LabQ2LabS.c ./colour/LabQ2sRGB.c ./colour/LabS2Lab.c ./colour/LabS2LabQ.c ./colour/LCh2Lab.c ./colour/LCh2UCS.c ./colour/profiles.c ./colour/profile_load.c ./colour/rad2float.c ./colour/scRGB2BW.c ./colour/scRGB2sRGB.c ./colour/scRGB2XYZ.c ./colour/sRGB2HSV.c ./colour/sRGB2scRGB.c ./colour/UCS2LCh.c ./colour/XYZ2CMYK.c ./colour/XYZ2Lab.c ./colour/XYZ2scRGB.c ./colour/XYZ2Yxy.c ./colour/Yxy2XYZ.c ./conversion/arrayjoin.c ./conversion/autorot.c ./conversion/bandary.c ./conversion/bandbool.c ./conversion/bandfold.c ./conversion/bandjoin.c ./conversion/bandmean.c ./conversion/bandrank.c ./conversion/bandunfold.c ./conversion/byteswap.c ./conversion/cache.c ./conversion/cast.c ./conversion/composite.cpp ./conversion/conversion.c ./conversion/copy.c ./conversion/embed.c ./conversion/extract.c ./conversion/falsecolour.c ./conversion/flatten.c ./conversion/flip.c ./conversion/gamma.c ./conversion/grid.c ./conversion/ifthenelse.c ./conversion/insert.c ./conversion/join.c ./conversion/msb.c ./conversion/premultiply.c ./conversion/recomb.c ./conversion/replicate.c ./conversion/rot.c ./conversion/rot45.c ./conversion/scale.c ./conversion/sequential.c ./conversion/smartcrop.c ./conversion/subsample.c ./conversion/switch.c ./conversion/tilecache.c ./conversion/transpose3d.c ./conversion/unpremultiply.c ./conversion/wrap.c ./conversion/zoom.c ./convolution/canny.c ./convolution/compass.c ./convolution/conv.c ./convolution/conva.c ./convolution/convasep.c ./convolution/convf.c ./convolution/convi.c ./convolution/convolution.c ./convolution/convsep.c ./convolution/correlation.c ./convolution/fastcor.c ./convolution/gaussblur.c ./convolution/sharpen.c ./convolution/sobel.c ./convolution/spcor.c ./create/black.c ./create/buildlut.c ./create/create.c ./create/eye.c ./create/fractsurf.c ./create/gaussmat.c ./create/gaussnoise.c ./create/grey.c ./create/identity.c ./create/invertlut.c ./create/logmat.c ./create/mask.c ./create/mask_butterworth.c ./create/mask_butterworth_band.c ./create/mask_butterworth_ring.c ./create/mask_fractal.c ./create/mask_gaussian.c ./create/mask_gaussian_band.c ./create/mask_gaussian_ring.c ./create/mask_ideal.c ./create/mask_ideal_band.c ./create/mask_ideal_ring.c ./create/perlin.c ./create/point.c ./create/sines.c ./create/text.c ./create/tonelut.c ./create/worley.c ./create/xyz.c ./create/zone.c ./draw/draw.c ./draw/drawink.c ./draw/draw_circle.c ./draw/draw_flood.c ./draw/draw_image.c ./draw/draw_line.c ./draw/draw_mask.c ./draw/draw_rect.c ./draw/draw_smudge.c ./foreign/analyze2vips.c ./foreign/analyzeload.c ./foreign/cairo.c ./foreign/csvload.c ./foreign/csvsave.c ./foreign/dzsave.c ./foreign/exif.c ./foreign/fits.c ./foreign/fitsload.c ./foreign/fitssave.c ./foreign/foreign.c ./foreign/gifload.c ./foreign/heifload.c ./foreign/heifsave.c ./foreign/jpeg2vips.c ./foreign/jpegload.c ./foreign/jpegsave.c ./foreign/magick.c ./foreign/magick2vips.c ./foreign/magick7load.c ./foreign/magickload.c ./foreign/magicksave.c ./foreign/matlab.c ./foreign/matload.c ./foreign/matrixload.c ./foreign/matrixsave.c ./foreign/niftiload.c ./foreign/niftisave.c ./foreign/openexr2vips.c ./foreign/openexrload.c ./foreign/openslide2vips.c ./foreign/openslideload.c ./foreign/pdfiumload.c ./foreign/pdfload.c ./foreign/pngload.c ./foreign/pngsave.c ./foreign/ppmload.c ./foreign/ppmsave.c ./foreign/quantise.c ./foreign/radiance.c ./foreign/radload.c ./foreign/radsave.c ./foreign/rawload.c ./foreign/rawsave.c ./foreign/spngload.c ./foreign/svgload.c ./foreign/tiff.c ./foreign/tiff2vips.c ./foreign/tiffload.c ./foreign/tiffsave.c ./foreign/vips2jpeg.c ./foreign/vips2tiff.c ./foreign/vips2webp.c ./foreign/vipsload.c ./foreign/vipspng.c ./foreign/vipssave.c ./foreign/webp2vips.c ./foreign/webpload.c ./foreign/webpsave.c ./freqfilt/freqfilt.c ./freqfilt/freqmult.c ./freqfilt/fwfft.c ./freqfilt/invfft.c ./freqfilt/phasecor.c ./freqfilt/spectrum.c ./histogram/case.c ./histogram/histogram.c ./histogram/hist_cum.c ./histogram/hist_entropy.c ./histogram/hist_equal.c ./histogram/hist_ismonotonic.c ./histogram/hist_local.c ./histogram/hist_match.c ./histogram/hist_norm.c ./histogram/hist_plot.c ./histogram/hist_unary.c ./histogram/maplut.c ./histogram/percent.c ./histogram/stdif.c ./iofuncs/buf.c ./iofuncs/buffer.c ./iofuncs/cache.c ./iofuncs/connection.c ./iofuncs/dbuf.c ./iofuncs/enumtypes.c ./iofuncs/error.c ./iofuncs/gate.c ./iofuncs/generate.c ./iofuncs/ginputsource.c ./iofuncs/header.c ./iofuncs/image.c ./iofuncs/init.c ./iofuncs/mapfile.c ./iofuncs/memory.c ./iofuncs/object.c ./iofuncs/operation.c ./iofuncs/rect.c ./iofuncs/region.c ./iofuncs/reorder.c ./iofuncs/sbuf.c ./iofuncs/semaphore.c ./iofuncs/sink.c ./iofuncs/sinkdisc.c ./iofuncs/sinkmemory.c ./iofuncs/sinkscreen.c ./iofuncs/source.c ./iofuncs/sourcecustom.c ./iofuncs/system.c ./iofuncs/target.c ./iofuncs/targetcustom.c ./iofuncs/threadpool.c ./iofuncs/type.c ./iofuncs/util.c ./iofuncs/vector.c ./iofuncs/vips.c ./iofuncs/vipsmarshal.c ./iofuncs/window.c ./morphology/countlines.c ./morphology/labelregions.c ./morphology/morph.c ./morphology/morphology.c ./morphology/nearest.c ./morphology/rank.c ./mosaicing/chkpair.c ./mosaicing/global_balance.c ./mosaicing/im_avgdxdy.c ./mosaicing/im_clinear.c ./mosaicing/im_improve.c ./mosaicing/im_initialize.c ./mosaicing/im_lrcalcon.c ./mosaicing/im_tbcalcon.c ./mosaicing/lrmerge.c ./mosaicing/lrmosaic.c ./mosaicing/match.c ./mosaicing/matrixinvert.c ./mosaicing/merge.c ./mosaicing/mosaic.c ./mosaicing/mosaic1.c ./mosaicing/mosaicing.c ./mosaicing/remosaic.c ./mosaicing/tbmerge.c ./mosaicing/tbmosaic.c ./resample/affine.c ./resample/bicubic.cpp ./resample/interpolate.c ./resample/lbb.cpp ./resample/mapim.c ./resample/nohalo.cpp ./resample/quadratic.c ./resample/reduce.c ./resample/reduceh.cpp ./resample/reducev.cpp ./resample/resample.c ./resample/resize.c ./resample/shrink.c ./resample/shrinkh.c ./resample/shrinkv.c ./resample/similarity.c ./resample/thumbnail.c ./resample/transform.c ./resample/vsqbs.cpp include/vips/basic.h include/vips/vips.h include/vips/object.h include/vips/image.h include/vips/error.h include/vips/foreign.h include/vips/freqfilt.h include/vips/interpolate.h include/vips/header.h include/vips/histogram.h include/vips/operation.h include/vips/enumtypes.h include/vips/conversion.h include/vips/arithmetic.h include/vips/colour.h include/vips/convolution.h include/vips/create.h include/vips/draw.h include/vips/morphology.h include/vips/mosaicing.h include/vips/type.h include/vips/rect.h include/vips/resample.h include/vips/memory.h include/vips/region.h'

## ----------- ##
## confdefs.h. ##
## ----------- ##

/* confdefs.h */
#define PACKAGE_NAME "vips"
#define PACKAGE_TARNAME "vips"
#define PACKAGE_VERSION "8.10.6"
#define PACKAGE_STRING "vips 8.10.6"
#define PACKAGE_BUGREPORT "vipsip@jiscmail.ac.uk"
#define PACKAGE_URL ""
#define PACKAGE "vips"
#define VERSION "8.10.6"
#define G_LOG_DOMAIN "VIPS"
#define ENABLE_DEPRECATED 1
#define VIPS_ICC_DIR "/usr/share/color/icc"

configure: exit 1
